app/build/outputs/logs/manifest-merger-debug-report.txt
-- Merging decision tree log ---
manifest
ADDED from src/main/AndroidManifest.xml:2:1-25:12
INJECTED from src/main/AndroidManifest.xml:2:1-25:12
INJECTED from src/main/AndroidManifest.xml:2:1-25:12
INJECTED from src/main/AndroidManifest.xml:2:1-25:12
MERGED from [:data] AndroidManifest.xml:2:1-11:12
MERGED from [io.realm:realm-android-library:4.1.1] AndroidManifest.xml:2:1-11:12
MERGED from [:domain] AndroidManifest.xml:2:1-11:12
MERGED from [io.card:android-sdk:5.5.1] AndroidManifest.xml:2:1-26:12
MERGED from [com.facebook.stetho:stetho-okhttp3:1.5.1] AndroidManifest.xml:2:1-13:12
MERGED from [com.facebook.stetho:stetho:1.5.1] AndroidManifest.xml:2:1-13:12
MERGED from [com.airbnb.android:lottie:2.7.0] AndroidManifest.xml:2:1-13:12
MERGED from [de.hdodenhof:circleimageview:3.0.0] AndroidManifest.xml:2:1-11:12
MERGED from [com.android.support:design:27.1.1] AndroidManifest.xml:17:1-22:12
MERGED from [com.android.support:cardview-v7:27.1.1] AndroidManifest.xml:17:1-22:12
MERGED from [com.android.support.constraint:constraint-layout:1.1.3] AndroidManifest.xml:2:1-11:12
MERGED from [com.google.dagger:dagger-android-support:2.17] AndroidManifest.xml:17:1-22:12
MERGED from [com.android.support:appcompat-v7:27.1.1] AndroidManifest.xml:17:1-22:12
MERGED from [android.arch.lifecycle:extensions:1.1.1] AndroidManifest.xml:17:1-30:12
MERGED from [com.android.support:support-v4:27.1.1] AndroidManifest.xml:17:1-22:12
MERGED from [com.android.support:recyclerview-v7:27.1.1] AndroidManifest.xml:17:1-22:12
MERGED from [com.android.support:transition:27.1.1] AndroidManifest.xml:17:1-22:12
MERGED from [com.android.support:support-fragment:27.1.1] AndroidManifest.xml:17:1-22:12
MERGED from [com.android.support:animated-vector-drawable:27.1.1] AndroidManifest.xml:17:1-22:12
MERGED from [com.android.support:support-core-ui:27.1.1] AndroidManifest.xml:17:1-22:12
MERGED from [com.android.support:support-core-utils:27.1.1] AndroidManifest.xml:17:1-22:12
MERGED from [com.android.support:support-vector-drawable:27.1.1] AndroidManifest.xml:17:1-22:12
MERGED from [com.android.support:support-media-compat:27.1.1] AndroidManifest.xml:17:1-22:12
MERGED from [com.android.support:support-compat:27.1.1] AndroidManifest.xml:17:1-22:12
MERGED from [android.arch.lifecycle:runtime:1.1.1] AndroidManifest.xml:17:1-22:12
MERGED from [com.google.dagger:dagger-android:2.17] AndroidManifest.xml:17:1-22:12
MERGED from [android.arch.lifecycle:livedata:1.1.1] AndroidManifest.xml:17:1-22:12
MERGED from [android.arch.lifecycle:livedata-core:1.1.1] AndroidManifest.xml:17:1-22:12
MERGED from [android.arch.core:runtime:1.1.1] AndroidManifest.xml:17:1-22:12
MERGED from [android.arch.lifecycle:viewmodel:1.1.1] AndroidManifest.xml:17:1-22:12
MERGED from [io.reactivex.rxjava2:rxandroid:2.1.0] AndroidManifest.xml:15:1-20:12
MERGED from [com.android.support.test.espresso:espresso-idling-resource:3.0.2] AndroidManifest.xml:17:1-24:12
MERGED from [com.getkeepsafe.relinker:relinker:1.2.2] AndroidManifest.xml:2:1-9:12
INJECTED from src/main/AndroidManifest.xml:2:1-25:12
INJECTED from src/main/AndroidManifest.xml:2:1-25:12
INJECTED from src/main/AndroidManifest.xml:2:1-25:12
	package
		ADDED from src/main/AndroidManifest.xml:3:11-41
		INJECTED from src/main/AndroidManifest.xml
		INJECTED from src/main/AndroidManifest.xml
	android:versionName
		INJECTED from src/main/AndroidManifest.xml
		ADDED from src/main/AndroidManifest.xml:2:1-25:12
		INJECTED from src/main/AndroidManifest.xml
	android:versionCode
		INJECTED from src/main/AndroidManifest.xml
		ADDED from src/main/AndroidManifest.xml:2:1-25:12
		INJECTED from src/main/AndroidManifest.xml
	xmlns:android
		ADDED from src/main/AndroidManifest.xml:2:11-69
uses-permission#android.permission.INTERNET
ADDED from src/main/AndroidManifest.xml:5:5-67
	android:name
		ADDED from src/main/AndroidManifest.xml:5:22-64
application
ADDED from src/main/AndroidManifest.xml:7:5-23:19
MERGED from [io.card:android-sdk:5.5.1] AndroidManifest.xml:19:5-24:19
MERGED from [io.card:android-sdk:5.5.1] AndroidManifest.xml:19:5-24:19
MERGED from [com.facebook.stetho:stetho-okhttp3:1.5.1] AndroidManifest.xml:11:5-20
MERGED from [com.facebook.stetho:stetho-okhttp3:1.5.1] AndroidManifest.xml:11:5-20
MERGED from [com.facebook.stetho:stetho:1.5.1] AndroidManifest.xml:11:5-20
MERGED from [com.facebook.stetho:stetho:1.5.1] AndroidManifest.xml:11:5-20
MERGED from [com.airbnb.android:lottie:2.7.0] AndroidManifest.xml:11:5-20
MERGED from [com.airbnb.android:lottie:2.7.0] AndroidManifest.xml:11:5-20
MERGED from [de.hdodenhof:circleimageview:3.0.0] AndroidManifest.xml:9:5-20
MERGED from [de.hdodenhof:circleimageview:3.0.0] AndroidManifest.xml:9:5-20
MERGED from [com.android.support.constraint:constraint-layout:1.1.3] AndroidManifest.xml:9:5-20
MERGED from [com.android.support.constraint:constraint-layout:1.1.3] AndroidManifest.xml:9:5-20
MERGED from [android.arch.lifecycle:extensions:1.1.1] AndroidManifest.xml:22:5-28:19
MERGED from [android.arch.lifecycle:extensions:1.1.1] AndroidManifest.xml:22:5-28:19
	android:supportsRtl
		ADDED from src/main/AndroidManifest.xml:13:13-39
	android:label
		ADDED from src/main/AndroidManifest.xml:11:13-45
	android:roundIcon
		ADDED from src/main/AndroidManifest.xml:12:13-58
	android:icon
		ADDED from src/main/AndroidManifest.xml:10:13-47
	android:allowBackup
		ADDED from src/main/AndroidManifest.xml:8:13-39
	android:theme
		ADDED from src/main/AndroidManifest.xml:14:13-44
	android:name
		ADDED from src/main/AndroidManifest.xml:9:13-66
activity#com.example.myresume.view.ResumeActivity
ADDED from src/main/AndroidManifest.xml:15:9-22:20
	android:screenOrientation
		ADDED from src/main/AndroidManifest.xml:16:19-55
	android:name
		ADDED from src/main/AndroidManifest.xml:15:19-74
intent-filter#action:name:android.intent.action.MAIN+category:name:android.intent.category.LAUNCHER
ADDED from src/main/AndroidManifest.xml:17:13-21:29
action#android.intent.action.MAIN
ADDED from src/main/AndroidManifest.xml:18:17-68
	android:name
		ADDED from src/main/AndroidManifest.xml:18:25-66
category#android.intent.category.LAUNCHER
ADDED from src/main/AndroidManifest.xml:20:17-76
	android:name
		ADDED from src/main/AndroidManifest.xml:20:27-74
uses-sdk
INJECTED from src/main/AndroidManifest.xml reason: use-sdk injection requested
INJECTED from src/main/AndroidManifest.xml
INJECTED from src/main/AndroidManifest.xml
MERGED from [:data] AndroidManifest.xml:7:5-9:41
MERGED from [:data] AndroidManifest.xml:7:5-9:41
MERGED from [io.realm:realm-android-library:4.1.1] AndroidManifest.xml:7:5-9:41
MERGED from [io.realm:realm-android-library:4.1.1] AndroidManifest.xml:7:5-9:41
MERGED from [:domain] AndroidManifest.xml:7:5-9:41
MERGED from [:domain] AndroidManifest.xml:7:5-9:41
MERGED from [io.card:android-sdk:5.5.1] AndroidManifest.xml:5:5-7:41
MERGED from [io.card:android-sdk:5.5.1] AndroidManifest.xml:5:5-7:41
MERGED from [com.facebook.stetho:stetho-okhttp3:1.5.1] AndroidManifest.xml:7:5-9:41
MERGED from [com.facebook.stetho:stetho-okhttp3:1.5.1] AndroidManifest.xml:7:5-9:41
MERGED from [com.facebook.stetho:stetho:1.5.1] AndroidManifest.xml:7:5-9:41
MERGED from [com.facebook.stetho:stetho:1.5.1] AndroidManifest.xml:7:5-9:41
MERGED from [com.airbnb.android:lottie:2.7.0] AndroidManifest.xml:7:5-9:41
MERGED from [com.airbnb.android:lottie:2.7.0] AndroidManifest.xml:7:5-9:41
MERGED from [de.hdodenhof:circleimageview:3.0.0] AndroidManifest.xml:5:5-7:41
MERGED from [de.hdodenhof:circleimageview:3.0.0] AndroidManifest.xml:5:5-7:41
MERGED from [com.android.support:design:27.1.1] AndroidManifest.xml:20:5-44
MERGED from [com.android.support:design:27.1.1] AndroidManifest.xml:20:5-44
MERGED from [com.android.support:cardview-v7:27.1.1] AndroidManifest.xml:20:5-44
MERGED from [com.android.support:cardview-v7:27.1.1] AndroidManifest.xml:20:5-44
MERGED from [com.android.support.constraint:constraint-layout:1.1.3] AndroidManifest.xml:5:5-7:41
MERGED from [com.android.support.constraint:constraint-layout:1.1.3] AndroidManifest.xml:5:5-7:41
MERGED from [com.google.dagger:dagger-android-support:2.17] AndroidManifest.xml:20:5-44
MERGED from [com.google.dagger:dagger-android-support:2.17] AndroidManifest.xml:20:5-44
MERGED from [com.android.support:appcompat-v7:27.1.1] AndroidManifest.xml:20:5-44
MERGED from [com.android.support:appcompat-v7:27.1.1] AndroidManifest.xml:20:5-44
MERGED from [android.arch.lifecycle:extensions:1.1.1] AndroidManifest.xml:20:5-44
MERGED from [android.arch.lifecycle:extensions:1.1.1] AndroidManifest.xml:20:5-44
MERGED from [com.android.support:support-v4:27.1.1] AndroidManifest.xml:20:5-44
MERGED from [com.android.support:support-v4:27.1.1] AndroidManifest.xml:20:5-44
MERGED from [com.android.support:recyclerview-v7:27.1.1] AndroidManifest.xml:20:5-44
MERGED from [com.android.support:recyclerview-v7:27.1.1] AndroidManifest.xml:20:5-44
MERGED from [com.android.support:transition:27.1.1] AndroidManifest.xml:20:5-44
MERGED from [com.android.support:transition:27.1.1] AndroidManifest.xml:20:5-44
MERGED from [com.android.support:support-fragment:27.1.1] AndroidManifest.xml:20:5-44
MERGED from [com.android.support:support-fragment:27.1.1] AndroidManifest.xml:20:5-44
MERGED from [com.android.support:animated-vector-drawable:27.1.1] AndroidManifest.xml:20:5-44
MERGED from [com.android.support:animated-vector-drawable:27.1.1] AndroidManifest.xml:20:5-44
MERGED from [com.android.support:support-core-ui:27.1.1] AndroidManifest.xml:20:5-44
MERGED from [com.android.support:support-core-ui:27.1.1] AndroidManifest.xml:20:5-44
MERGED from [com.android.support:support-core-utils:27.1.1] AndroidManifest.xml:20:5-44
MERGED from [com.android.support:support-core-utils:27.1.1] AndroidManifest.xml:20:5-44
MERGED from [com.android.support:support-vector-drawable:27.1.1] AndroidManifest.xml:20:5-44
MERGED from [com.android.support:support-vector-drawable:27.1.1] AndroidManifest.xml:20:5-44
MERGED from [com.android.support:support-media-compat:27.1.1] AndroidManifest.xml:20:5-44
MERGED from [com.android.support:support-media-compat:27.1.1] AndroidManifest.xml:20:5-44
MERGED from [com.android.support:support-compat:27.1.1] AndroidManifest.xml:20:5-44
MERGED from [com.android.support:support-compat:27.1.1] AndroidManifest.xml:20:5-44
MERGED from [android.arch.lifecycle:runtime:1.1.1] AndroidManifest.xml:20:5-44
MERGED from [android.arch.lifecycle:runtime:1.1.1] AndroidManifest.xml:20:5-44
MERGED from [com.google.dagger:dagger-android:2.17] AndroidManifest.xml:20:5-44
MERGED from [com.google.dagger:dagger-android:2.17] AndroidManifest.xml:20:5-44
MERGED from [android.arch.lifecycle:livedata:1.1.1] AndroidManifest.xml:20:5-44
MERGED from [android.arch.lifecycle:livedata:1.1.1] AndroidManifest.xml:20:5-44
MERGED from [android.arch.lifecycle:livedata-core:1.1.1] AndroidManifest.xml:20:5-44
MERGED from [android.arch.lifecycle:livedata-core:1.1.1] AndroidManifest.xml:20:5-44
MERGED from [android.arch.core:runtime:1.1.1] AndroidManifest.xml:20:5-44
MERGED from [android.arch.core:runtime:1.1.1] AndroidManifest.xml:20:5-44
MERGED from [android.arch.lifecycle:viewmodel:1.1.1] AndroidManifest.xml:20:5-44
MERGED from [android.arch.lifecycle:viewmodel:1.1.1] AndroidManifest.xml:20:5-44
MERGED from [io.reactivex.rxjava2:rxandroid:2.1.0] AndroidManifest.xml:18:5-43
MERGED from [io.reactivex.rxjava2:rxandroid:2.1.0] AndroidManifest.xml:18:5-43
MERGED from [com.android.support.test.espresso:espresso-idling-resource:3.0.2] AndroidManifest.xml:20:5-22:41
MERGED from [com.android.support.test.espresso:espresso-idling-resource:3.0.2] AndroidManifest.xml:20:5-22:41
MERGED from [com.getkeepsafe.relinker:relinker:1.2.2] AndroidManifest.xml:7:5-43
MERGED from [com.getkeepsafe.relinker:relinker:1.2.2] AndroidManifest.xml:7:5-43
INJECTED from src/main/AndroidManifest.xml
INJECTED from src/main/AndroidManifest.xml
	android:targetSdkVersion
		INJECTED from src/main/AndroidManifest.xml
		ADDED from src/main/AndroidManifest.xml
		INJECTED from src/main/AndroidManifest.xml
	android:minSdkVersion
		INJECTED from src/main/AndroidManifest.xml
		ADDED from src/main/AndroidManifest.xml
		INJECTED from src/main/AndroidManifest.xml
uses-permission#android.permission.CAMERA
ADDED from [io.card:android-sdk:5.5.1] AndroidManifest.xml:9:5-65
	android:name
		ADDED from [io.card:android-sdk:5.5.1] AndroidManifest.xml:9:22-62
uses-permission#android.permission.VIBRATE
ADDED from [io.card:android-sdk:5.5.1] AndroidManifest.xml:10:5-66
	android:name
		ADDED from [io.card:android-sdk:5.5.1] AndroidManifest.xml:10:22-63
uses-feature#android.hardware.camera
ADDED from [io.card:android-sdk:5.5.1] AndroidManifest.xml:12:5-14:36
	android:required
		ADDED from [io.card:android-sdk:5.5.1] AndroidManifest.xml:14:9-33
	android:name
		ADDED from [io.card:android-sdk:5.5.1] AndroidManifest.xml:13:9-47
uses-feature#android.hardware.camera.autofocus
ADDED from [io.card:android-sdk:5.5.1] AndroidManifest.xml:15:5-17:36
	android:required
		ADDED from [io.card:android-sdk:5.5.1] AndroidManifest.xml:17:9-33
	android:name
		ADDED from [io.card:android-sdk:5.5.1] AndroidManifest.xml:16:9-57
activity#io.card.payment.CardIOActivity
ADDED from [io.card:android-sdk:5.5.1] AndroidManifest.xml:20:9-22:66
	android:configChanges
		ADDED from [io.card:android-sdk:5.5.1] AndroidManifest.xml:22:13-63
	android:name
		ADDED from [io.card:android-sdk:5.5.1] AndroidManifest.xml:21:13-58
activity#io.card.payment.DataEntryActivity
ADDED from [io.card:android-sdk:5.5.1] AndroidManifest.xml:23:9-70
	android:name
		ADDED from [io.card:android-sdk:5.5.1] AndroidManifest.xml:23:19-67
provider#android.arch.lifecycle.ProcessLifecycleOwnerInitializer
ADDED from [android.arch.lifecycle:extensions:1.1.1] AndroidManifest.xml:23:9-27:43
	android:authorities
		ADDED from [android.arch.lifecycle:extensions:1.1.1] AndroidManifest.xml:25:13-68
	android:multiprocess
		ADDED from [android.arch.lifecycle:extensions:1.1.1] AndroidManifest.xml:27:13-40
	android:exported
		ADDED from [android.arch.lifecycle:extensions:1.1.1] AndroidManifest.xml:26:13-37
	android:name
		ADDED from [android.arch.lifecycle:extensions:1.1.1] AndroidManifest.xml:24:13-83